This is pdfTeX, Version 3.14159265-2.6-1.40.20 (MiKTeX 2.9.7140 64-bit) (preloaded format=pdflatex 2019.9.8)  15 SEP 2019 19:03
entering extended mode
**./main.tex
(main.tex
LaTeX2e <2018-12-01>
("C:\Program Files\MiKTeX 2.9\tex/latex/extsizes\extarticle.cls"
Document Class: extarticle 1996/10/08 v1.0 Non Standard LaTeX document class
("C:\Program Files\MiKTeX 2.9\tex/latex/base\size12.clo"
File: size12.clo 2018/09/03 v1.4i Standard LaTeX file (size option)
)
("C:\Program Files\MiKTeX 2.9\tex/latex/base\exscale.sty"
Package: exscale 2018/09/24 v2.1i Standard LaTeX package exscale
LaTeX Font Info:    Redeclaring symbol font `largesymbols' on input line 57.
LaTeX Font Info:    Overwriting symbol font `largesymbols' in version `normal'
(Font)                  OMX/cmex/m/n --> OMX/cmex/m/n on input line 57.
LaTeX Font Info:    Overwriting symbol font `largesymbols' in version `bold'
(Font)                  OMX/cmex/m/n --> OMX/cmex/m/n on input line 57.
\big@size=\dimen102
)
\c@part=\count80
\c@section=\count81
\c@subsection=\count82
\c@subsubsection=\count83
\c@paragraph=\count84
\c@subparagraph=\count85
\c@figure=\count86
\c@table=\count87
\abovecaptionskip=\skip41
\belowcaptionskip=\skip42
\bibindent=\dimen103
)
("C:\Program Files\MiKTeX 2.9\tex/latex/base\inputenc.sty"
Package: inputenc 2018/08/11 v1.3c Input encoding file
\inpenc@prehook=\toks14
\inpenc@posthook=\toks15
)
("C:\Program Files\MiKTeX 2.9\tex/latex/cite\cite.sty"
LaTeX Info: Redefining \cite on input line 302.
LaTeX Info: Redefining \nocite on input line 332.
Package: cite 2015/02/27  v 5.5
)
("C:\Program Files\MiKTeX 2.9\tex/latex/amsmath\amsmath.sty"
Package: amsmath 2018/12/01 v2.17b AMS math features
\@mathmargin=\skip43

For additional information on amsmath, use the `?' option.
("C:\Program Files\MiKTeX 2.9\tex/latex/amsmath\amstext.sty"
Package: amstext 2000/06/29 v2.01 AMS text

("C:\Program Files\MiKTeX 2.9\tex/latex/amsmath\amsgen.sty"
File: amsgen.sty 1999/11/30 v2.0 generic functions
\@emptytoks=\toks16
\ex@=\dimen104
))
("C:\Program Files\MiKTeX 2.9\tex/latex/amsmath\amsbsy.sty"
Package: amsbsy 1999/11/29 v1.2d Bold Symbols
\pmbraise@=\dimen105
)
("C:\Program Files\MiKTeX 2.9\tex/latex/amsmath\amsopn.sty"
Package: amsopn 2016/03/08 v2.02 operator names
)
\inf@bad=\count88
LaTeX Info: Redefining \frac on input line 223.
\uproot@=\count89
\leftroot@=\count90
LaTeX Info: Redefining \overline on input line 385.
\classnum@=\count91
\DOTSCASE@=\count92
LaTeX Info: Redefining \ldots on input line 482.
LaTeX Info: Redefining \dots on input line 485.
LaTeX Info: Redefining \cdots on input line 606.
\Mathstrutbox@=\box27
\strutbox@=\box28
\big@size=\dimen106
LaTeX Font Info:    Redeclaring font encoding OML on input line 729.
LaTeX Font Info:    Redeclaring font encoding OMS on input line 730.
\macc@depth=\count93
\c@MaxMatrixCols=\count94
\dotsspace@=\muskip10
\c@parentequation=\count95
\dspbrk@lvl=\count96
\tag@help=\toks17
\row@=\count97
\column@=\count98
\maxfields@=\count99
\andhelp@=\toks18
\eqnshift@=\dimen107
\alignsep@=\dimen108
\tagshift@=\dimen109
\tagwidth@=\dimen110
\totwidth@=\dimen111
\lineht@=\dimen112
\@envbody=\toks19
\multlinegap=\skip44
\multlinetaggap=\skip45
\mathdisplay@stack=\toks20
LaTeX Info: Redefining \[ on input line 2844.
LaTeX Info: Redefining \] on input line 2845.
)
("C:\Program Files\MiKTeX 2.9\tex/latex/amsfonts\amssymb.sty"
Package: amssymb 2013/01/14 v3.01 AMS font symbols

("C:\Program Files\MiKTeX 2.9\tex/latex/amsfonts\amsfonts.sty"
Package: amsfonts 2013/01/14 v3.01 Basic AMSFonts support
\symAMSa=\mathgroup4
\symAMSb=\mathgroup5
LaTeX Font Info:    Overwriting math alphabet `\mathfrak' in version `bold'
(Font)                  U/euf/m/n --> U/euf/b/n on input line 106.
))
("C:\Program Files\MiKTeX 2.9\tex/latex/graphics\graphicx.sty"
Package: graphicx 2017/06/01 v1.1a Enhanced LaTeX Graphics (DPC,SPQR)

("C:\Program Files\MiKTeX 2.9\tex/latex/graphics\keyval.sty"
Package: keyval 2014/10/28 v1.15 key=value parser (DPC)
\KV@toks@=\toks21
)
("C:\Program Files\MiKTeX 2.9\tex/latex/graphics\graphics.sty"
Package: graphics 2017/06/25 v1.2c Standard LaTeX Graphics (DPC,SPQR)

("C:\Program Files\MiKTeX 2.9\tex/latex/graphics\trig.sty"
Package: trig 2016/01/03 v1.10 sin cos tan (DPC)
)
("C:\Program Files\MiKTeX 2.9\tex/latex/graphics-cfg\graphics.cfg"
File: graphics.cfg 2016/06/04 v1.11 sample graphics configuration
)
Package graphics Info: Driver file: pdftex.def on input line 99.

("C:\Program Files\MiKTeX 2.9\tex/latex/graphics-def\pdftex.def"
File: pdftex.def 2018/01/08 v1.0l Graphics/color driver for pdftex
))
\Gin@req@height=\dimen113
\Gin@req@width=\dimen114
)
("C:\Program Files\MiKTeX 2.9\tex/latex/multirow\multirow.sty"
Package: multirow 2019/05/31 v2.5 Span multiple rows of a table
\multirow@colwidth=\skip46
\multirow@cntb=\count100
\multirow@dima=\skip47
\bigstrutjot=\dimen115
)
("C:\Program Files\MiKTeX 2.9\tex/latex/booktabs\booktabs.sty"
Package: booktabs 2005/04/14 v1.61803 publication quality tables
\heavyrulewidth=\dimen116
\lightrulewidth=\dimen117
\cmidrulewidth=\dimen118
\belowrulesep=\dimen119
\belowbottomsep=\dimen120
\aboverulesep=\dimen121
\abovetopsep=\dimen122
\cmidrulesep=\dimen123
\cmidrulekern=\dimen124
\defaultaddspace=\dimen125
\@cmidla=\count101
\@cmidlb=\count102
\@aboverulesep=\dimen126
\@belowrulesep=\dimen127
\@thisruleclass=\count103
\@lastruleclass=\count104
\@thisrulewidth=\dimen128
)
("C:\Program Files\MiKTeX 2.9\tex/latex/caption\caption.sty"
Package: caption 2019/09/01 v3.3d Customizing captions (AR)

("C:\Program Files\MiKTeX 2.9\tex/latex/caption\caption3.sty"
Package: caption3 2019/09/01 v1.8d caption3 kernel (AR)
Package caption3 Info: TeX engine: e-TeX on input line 64.
\captionmargin=\dimen129
\captionmargin@=\dimen130
\captionwidth=\dimen131
\caption@tempdima=\dimen132
\caption@indent=\dimen133
\caption@parindent=\dimen134
\caption@hangindent=\dimen135
)
\c@caption@flags=\count105
\c@ContinuedFloat=\count106
)
("C:\Program Files\MiKTeX 2.9\tex/latex/caption\subcaption.sty"
Package: subcaption 2019/09/01 v1.3a Sub-captions (AR)
\c@subfigure=\count107
\c@subtable=\count108
)
("C:\Program Files\MiKTeX 2.9\tex/latex/mhchem\mhchem.sty"
Package: mhchem 2018/06/22 v4.08 for typesetting chemical formulae

("C:\Program Files\MiKTeX 2.9\tex/latex/l3kernel\expl3.sty"
Package: expl3 2019-09-08 L3 programming layer (loader) 

("C:\Program Files\MiKTeX 2.9\tex/latex/l3kernel\expl3-code.tex"
Package: expl3 2019-09-08 L3 programming layer (code)
\c_max_int=\count109
\l_tmpa_int=\count110
\l_tmpb_int=\count111
\g_tmpa_int=\count112
\g_tmpb_int=\count113
\g__kernel_prg_map_int=\count114
\c__ior_term_noprompt_ior=\count115
\c_log_iow=\count116
\l_iow_line_count_int=\count117
\l__iow_line_target_int=\count118
\l__iow_one_indent_int=\count119
\l__iow_indent_int=\count120
\c_zero_dim=\dimen136
\c_max_dim=\dimen137
\l_tmpa_dim=\dimen138
\l_tmpb_dim=\dimen139
\g_tmpa_dim=\dimen140
\g_tmpb_dim=\dimen141
\c_zero_skip=\skip48
\c_max_skip=\skip49
\l_tmpa_skip=\skip50
\l_tmpb_skip=\skip51
\g_tmpa_skip=\skip52
\g_tmpb_skip=\skip53
\c_zero_muskip=\muskip11
\c_max_muskip=\muskip12
\l_tmpa_muskip=\muskip13
\l_tmpb_muskip=\muskip14
\g_tmpa_muskip=\muskip15
\g_tmpb_muskip=\muskip16
\l_keys_choice_int=\count121
\l__intarray_loop_int=\count122
\c__intarray_sp_dim=\dimen142
\g__intarray_font_int=\count123
\c__fp_leading_shift_int=\count124
\c__fp_middle_shift_int=\count125
\c__fp_trailing_shift_int=\count126
\c__fp_big_leading_shift_int=\count127
\c__fp_big_middle_shift_int=\count128
\c__fp_big_trailing_shift_int=\count129
\c__fp_Bigg_leading_shift_int=\count130
\c__fp_Bigg_middle_shift_int=\count131
\c__fp_Bigg_trailing_shift_int=\count132
\c__kernel_randint_max_int=\count133
\g__fp_array_int=\count134
\l__fp_array_loop_int=\count135
\l__sort_length_int=\count136
\l__sort_min_int=\count137
\l__sort_top_int=\count138
\l__sort_max_int=\count139
\l__sort_true_max_int=\count140
\l__sort_block_int=\count141
\l__sort_begin_int=\count142
\l__sort_end_int=\count143
\l__sort_A_int=\count144
\l__sort_B_int=\count145
\l__sort_C_int=\count146
\l__str_internal_int=\count147
\c__str_replacement_char_int=\count148
\l__tl_analysis_normal_int=\count149
\l__tl_analysis_index_int=\count150
\l__tl_analysis_nesting_int=\count151
\l__tl_analysis_type_int=\count152
\l__regex_internal_a_int=\count153
\l__regex_internal_b_int=\count154
\l__regex_internal_c_int=\count155
\l__regex_balance_int=\count156
\l__regex_group_level_int=\count157
\l__regex_mode_int=\count158
\c__regex_cs_in_class_mode_int=\count159
\c__regex_cs_mode_int=\count160
\l__regex_catcodes_int=\count161
\l__regex_default_catcodes_int=\count162
\c__regex_catcode_D_int=\count163
\c__regex_catcode_S_int=\count164
\c__regex_catcode_L_int=\count165
\c__regex_catcode_O_int=\count166
\c__regex_catcode_A_int=\count167
\c__regex_all_catcodes_int=\count168
\l__regex_show_lines_int=\count169
\l__regex_min_state_int=\count170
\l__regex_max_state_int=\count171
\l__regex_left_state_int=\count172
\l__regex_right_state_int=\count173
\l__regex_capturing_group_int=\count174
\l__regex_min_pos_int=\count175
\l__regex_max_pos_int=\count176
\l__regex_curr_pos_int=\count177
\l__regex_start_pos_int=\count178
\l__regex_success_pos_int=\count179
\l__regex_curr_char_int=\count180
\l__regex_curr_catcode_int=\count181
\l__regex_last_char_int=\count182
\l__regex_case_changed_char_int=\count183
\l__regex_curr_state_int=\count184
\l__regex_step_int=\count185
\l__regex_min_active_int=\count186
\l__regex_max_active_int=\count187
\l__regex_replacement_csnames_int=\count188
\l__regex_match_count_int=\count189
\l__regex_min_submatch_int=\count190
\l__regex_submatch_int=\count191
\l__regex_zeroth_submatch_int=\count192
\g__regex_trace_regex_int=\count193
\c_empty_box=\box29
\l_tmpa_box=\box30
\l_tmpb_box=\box31
\g_tmpa_box=\box32
\g_tmpb_box=\box33
\l__box_top_dim=\dimen143
\l__box_bottom_dim=\dimen144
\l__box_left_dim=\dimen145
\l__box_right_dim=\dimen146
\l__box_top_new_dim=\dimen147
\l__box_bottom_new_dim=\dimen148
\l__box_left_new_dim=\dimen149
\l__box_right_new_dim=\dimen150
\l__box_internal_box=\box34
\l__coffin_internal_box=\box35
\l__coffin_internal_dim=\dimen151
\l__coffin_offset_x_dim=\dimen152
\l__coffin_offset_y_dim=\dimen153
\l__coffin_x_dim=\dimen154
\l__coffin_y_dim=\dimen155
\l__coffin_x_prime_dim=\dimen156
\l__coffin_y_prime_dim=\dimen157
\c_empty_coffin=\box36
\l__coffin_aligned_coffin=\box37
\l__coffin_aligned_internal_coffin=\box38
\l_tmpa_coffin=\box39
\l_tmpb_coffin=\box40
\g_tmpa_coffin=\box41
\g_tmpb_coffin=\box42
\l__coffin_bounding_shift_dim=\dimen158
\l__coffin_left_corner_dim=\dimen159
\l__coffin_right_corner_dim=\dimen160
\l__coffin_bottom_corner_dim=\dimen161
\l__coffin_top_corner_dim=\dimen162
\l__coffin_scaled_total_height_dim=\dimen163
\l__coffin_scaled_width_dim=\dimen164
\c__coffin_empty_coffin=\box43
\l__coffin_display_coffin=\box44
\l__coffin_display_coord_coffin=\box45
\l__coffin_display_pole_coffin=\box46
\l__coffin_display_offset_dim=\dimen165
\l__coffin_display_x_dim=\dimen166
\l__coffin_display_y_dim=\dimen167
\g__char_data_ior=\read1
\l__seq_internal_a_int=\count194
\l__seq_internal_b_int=\count195
)
("C:\Program Files\MiKTeX 2.9\tex/latex/l3backend\l3backend-pdfmode.def"
File: l3backend-pdfmode.def 2019-04-06 v L3 backend support: PDF mode
\l__kernel_color_stack_int=\count196
\l__pdf_internal_box=\box47
))
("C:\Program Files\MiKTeX 2.9\tex/latex/l3packages/l3keys2e\l3keys2e.sty"
Package: l3keys2e 2019-05-28 LaTeX2e option processing using LaTeX3 keys
)
("C:\Program Files\MiKTeX 2.9\tex/latex/tools\calc.sty"
Package: calc 2017/05/25 v4.3 Infix arithmetic (KKT,FJ)
\calc@Acount=\count197
\calc@Bcount=\count198
\calc@Adimen=\dimen168
\calc@Bdimen=\dimen169
\calc@Askip=\skip54
\calc@Bskip=\skip55
LaTeX Info: Redefining \setlength on input line 80.
LaTeX Info: Redefining \addtolength on input line 81.
\calc@Ccount=\count199
\calc@Cskip=\skip56
)
("C:\Program Files\MiKTeX 2.9\tex/latex/chemgreek\chemgreek.sty"
("C:\Program Files\MiKTeX 2.9\tex/latex/l3packages/xparse\xparse.sty"
Package: xparse 2019-05-28 L3 Experimental document command parser
\l__xparse_current_arg_int=\count266
\g__xparse_grabber_int=\count267
\l__xparse_m_args_int=\count268
\l__xparse_v_nesting_int=\count269
)
Package: chemgreek 2016/12/20 v1.1 interfaceforuprightgreeklettersforuseinchemi
stry (CN)
\l__chemgreek_tmpa_int=\count270
\g__chemgreek_tmpa_int=\count271
)
\l__mhchem_ce_distanceFromLastComma_int=\count272
\__mhchem_arrow_extPgfLength_skip=\skip57
\mhchem@minispace@tmp=\skip58
\mhchem@minibackspace@tmp=\skip59
\mhchem@bondwidth=\skip60
\mhchem@bondheight=\skip61
\mhchem@smallbondwidth@tmpA=\skip62
\mhchem@smallbondwidth@tmpB=\skip63
\mhchem@smallbondwidth=\skip64
\mhchem@bondtmp@minussidebearingleft=\skip65
\mhchem@bondtmp@minussidebearingright=\skip66
\l__mhchem_option_version_int=\count273
\mhchem@option@minusmathsidebearingleft=\dimen170
\mhchem@option@minusmathsidebearingright=\dimen171
\mhchem@option@minustextsidebearingleft=\dimen172
\mhchem@option@minustextsidebearingright=\dimen173


Package mhchem Warning: You did not specify a 'version' option for the mhchem
(mhchem)                package. Please write \usepackage[version=4]{mhchem}
(mhchem)                in your preamble (or any lower number for
(mhchem)                compatibility mode), because you might get slightly
(mhchem)                different output with the same input in future versions
.

) ("C:\Program Files\MiKTeX 2.9\tex/latex/xcolor\xcolor.sty"
Package: xcolor 2016/05/11 v2.12 LaTeX color extensions (UK)

("C:\Program Files\MiKTeX 2.9\tex/latex/graphics-cfg\color.cfg"
File: color.cfg 2016/01/02 v1.6 sample color configuration
)
Package xcolor Info: Driver file: pdftex.def on input line 225.
Package xcolor Info: Model `cmy' substituted by `cmy0' on input line 1348.
Package xcolor Info: Model `hsb' substituted by `rgb' on input line 1352.
Package xcolor Info: Model `RGB' extended on input line 1364.
Package xcolor Info: Model `HTML' substituted by `rgb' on input line 1366.
Package xcolor Info: Model `Hsb' substituted by `hsb' on input line 1367.
Package xcolor Info: Model `tHsb' substituted by `hsb' on input line 1368.
Package xcolor Info: Model `HSB' substituted by `hsb' on input line 1369.
Package xcolor Info: Model `Gray' substituted by `gray' on input line 1370.
Package xcolor Info: Model `wave' substituted by `hsb' on input line 1371.

("C:\Program Files\MiKTeX 2.9\tex/latex/graphics\dvipsnam.def"
File: dvipsnam.def 2016/06/17 v3.0m Driver-dependent file (DPC,SPQR)
)) (main.aux)
\openout1 = `main.aux'.

LaTeX Font Info:    Checking defaults for OML/cmm/m/it on input line 21.
LaTeX Font Info:    ... okay on input line 21.
LaTeX Font Info:    Checking defaults for T1/cmr/m/n on input line 21.
LaTeX Font Info:    ... okay on input line 21.
LaTeX Font Info:    Checking defaults for OT1/cmr/m/n on input line 21.
LaTeX Font Info:    ... okay on input line 21.
LaTeX Font Info:    Checking defaults for OMS/cmsy/m/n on input line 21.
LaTeX Font Info:    ... okay on input line 21.
LaTeX Font Info:    Checking defaults for OMX/cmex/m/n on input line 21.
LaTeX Font Info:    ... okay on input line 21.
LaTeX Font Info:    Checking defaults for U/cmr/m/n on input line 21.
LaTeX Font Info:    ... okay on input line 21.

("C:\Program Files\MiKTeX 2.9\tex/context/base/mkii\supp-pdf.mkii"
[Loading MPS to PDF converter (version 2006.09.02).]
\scratchcounter=\count274
\scratchdimen=\dimen174
\scratchbox=\box48
\nofMPsegments=\count275
\nofMParguments=\count276
\everyMPshowfont=\toks22
\MPscratchCnt=\count277
\MPscratchDim=\dimen175
\MPnumerator=\count278
\makeMPintoPDFobject=\count279
\everyMPtoPDFconversion=\toks23
) ("C:\Program Files\MiKTeX 2.9\tex/latex/oberdiek\epstopdf-base.sty"
Package: epstopdf-base 2016/05/15 v2.6 Base part for package epstopdf

("C:\Program Files\MiKTeX 2.9\tex/generic/oberdiek\infwarerr.sty"
Package: infwarerr 2016/05/16 v1.4 Providing info/warning/error messages (HO)
)
("C:\Program Files\MiKTeX 2.9\tex/latex/oberdiek\grfext.sty"
Package: grfext 2016/05/16 v1.2 Manage graphics extensions (HO)

("C:\Program Files\MiKTeX 2.9\tex/generic/oberdiek\kvdefinekeys.sty"
Package: kvdefinekeys 2016/05/16 v1.4 Define keys (HO)

("C:\Program Files\MiKTeX 2.9\tex/generic/oberdiek\ltxcmds.sty"
Package: ltxcmds 2016/05/16 v1.23 LaTeX kernel commands for general use (HO)
)))
("C:\Program Files\MiKTeX 2.9\tex/latex/oberdiek\kvoptions.sty"
Package: kvoptions 2016/05/16 v3.12 Key value format for package options (HO)

("C:\Program Files\MiKTeX 2.9\tex/generic/oberdiek\kvsetkeys.sty"
Package: kvsetkeys 2016/05/16 v1.17 Key value parser (HO)

("C:\Program Files\MiKTeX 2.9\tex/generic/oberdiek\etexcmds.sty"
Package: etexcmds 2016/05/16 v1.6 Avoid name clashes with e-TeX commands (HO)

("C:\Program Files\MiKTeX 2.9\tex/generic/oberdiek\ifluatex.sty"
Package: ifluatex 2016/05/16 v1.4 Provides the ifluatex switch (HO)
Package ifluatex Info: LuaTeX not detected.
))))
("C:\Program Files\MiKTeX 2.9\tex/generic/oberdiek\pdftexcmds.sty"
Package: pdftexcmds 2019/07/25 v0.30 Utility functions of pdfTeX for LuaTeX (HO
)

("C:\Program Files\MiKTeX 2.9\tex/generic/oberdiek\ifpdf.sty"
Package: ifpdf 2018/09/07 v3.3 Provides the ifpdf switch
)
Package pdftexcmds Info: LuaTeX not detected.
Package pdftexcmds Info: \pdf@primitive is available.
Package pdftexcmds Info: \pdf@ifprimitive is available.
Package pdftexcmds Info: \pdfdraftmode found.
)
Package epstopdf-base Info: Redefining graphics rule for `.eps' on input line 4
38.
Package grfext Info: Graphics extension search list:
(grfext)             [.pdf,.png,.jpg,.mps,.jpeg,.jbig2,.jb2,.PDF,.PNG,.JPG,.JPE
G,.JBIG2,.JB2,.eps]
(grfext)             \AppendGraphicsExtensions on input line 456.
)
Package caption Info: Begin \AtBeginDocument code.
Package caption Info: End \AtBeginDocument code.

Package chemgreek Info: Activating mapping `default' on line 21.

LaTeX Font Info:    Try loading font information for U+msa on input line 23.

("C:\Program Files\MiKTeX 2.9\tex/latex/amsfonts\umsa.fd"
File: umsa.fd 2013/01/14 v3.01 AMS symbols A
)
LaTeX Font Info:    Try loading font information for U+msb on input line 23.

("C:\Program Files\MiKTeX 2.9\tex/latex/amsfonts\umsb.fd"
File: umsb.fd 2013/01/14 v3.01 AMS symbols B
) [1

{C:/Users/celor/AppData/Local/MiKTeX/2.9/pdftex/config/pdftex.map}] (images/sys
tempdf.pdf_tex
<images/systempdf.pdf, id=9, page=1, 791.19307pt x 578.5424pt>
File: images/systempdf.pdf Graphic file (type pdf)
<use images/systempdf.pdf, page 1>
Package pdftex.def Info: images/systempdf.pdf , page1 used on input line 56.
(pdftex.def)             Requested size: 187.19833pt x 136.8844pt.
<images/systempdf.pdf, id=10, page=2, 791.19307pt x 578.5424pt>
File: images/systempdf.pdf Graphic file (type pdf)
<use images/systempdf.pdf, page 2>
Package pdftex.def Info: images/systempdf.pdf , page2 used on input line 59.
(pdftex.def)             Requested size: 187.19833pt x 136.8844pt.
)
(images/body.pdf_tex
<images/body.pdf, id=11, page=1, 1105.5037pt x 567.5966pt>
File: images/body.pdf Graphic file (type pdf)
<use images/body.pdf, page 1>
Package pdftex.def Info: images/body.pdf , page1 used on input line 56.
(pdftex.def)             Requested size: 224.63742pt x 115.32741pt.
<images/body.pdf, id=12, page=2, 1105.5037pt x 567.5966pt>
File: images/body.pdf Graphic file (type pdf)
<use images/body.pdf, page 2>
Package pdftex.def Info: images/body.pdf , page2 used on input line 60.
(pdftex.def)             Requested size: 224.63742pt x 115.32741pt.

Overfull \hbox (37.43909pt too wide) in paragraph at lines 64--65
 [][] 
 []

)
Overfull \hbox (3.8452pt too wide) in paragraph at lines 36--50
[]$[]$   $[]$ 
 []

(images/secondm.pdf_tex
<images/secondm.pdf, id=13, page=1, 1681.16191pt x 571.98pt>
File: images/secondm.pdf Graphic file (type pdf)
<use images/secondm.pdf, page 1>
Package pdftex.def Info: images/secondm.pdf , page1 used on input line 56.
(pdftex.def)             Requested size: 390.0pt x 132.68723pt.
<images/secondm.pdf, id=14, page=2, 1681.16191pt x 571.98pt>
File: images/secondm.pdf Graphic file (type pdf)
<use images/secondm.pdf, page 2>
Package pdftex.def Info: images/secondm.pdf , page2 used on input line 61.
(pdftex.def)             Requested size: 390.0pt x 132.68723pt.
)
Overfull \hbox (33.67491pt too wide) in paragraph at lines 61--64
[]   [] 
 []


LaTeX Warning: `!h' float specifier changed to `!ht'.

LaTeX Font Info:    Try loading font information for OMS+cmr on input line 72.
("C:\Program Files\MiKTeX 2.9\tex/latex/base\omscmr.fd"
File: omscmr.fd 2014/09/29 v2.5h Standard LaTeX font definitions
)
LaTeX Font Info:    Font shape `OMS/cmr/m/n' in size <12> not available
(Font)              Font shape `OMS/cmsy/m/n' tried instead on input line 72.
 [2 <./images/systempdf.pdf> <./images/systempdf.pdf

pdfTeX warning: pdflatex.exe (file ./images/systempdf.pdf): PDF inclusion: mult
iple pdfs with page group included in a single page
> <./images/body.pdf

pdfTeX warning: pdflatex.exe (file ./images/body.pdf): PDF inclusion: multiple 
pdfs with page group included in a single page
> <./images/body.pdf

pdfTeX warning: pdflatex.exe (file ./images/body.pdf): PDF inclusion: multiple 
pdfs with page group included in a single page
>] [3 <./images/secondm.pdf> <./images/secondm.pdf

pdfTeX warning: pdflatex.exe (file ./images/secondm.pdf): PDF inclusion: multip
le pdfs with page group included in a single page
>]

LaTeX Font Warning: Command \scriptsize invalid in math mode on input line 127.


LaTeX Font Info:    Calculating math sizes for size <> on input line 129.

LaTeX Font Warning: Font shape `OT1/cmr/m/n' in size <> not available
(Font)              size <5> substituted on input line 129.


LaTeX Font Warning: Font shape `OT1/cmr/m/n' in size <0.7> not available
(Font)              size <5> substituted on input line 129.


LaTeX Font Warning: Font shape `OT1/cmr/m/n' in size <0.5> not available
(Font)              size <5> substituted on input line 129.


LaTeX Font Warning: Font shape `OML/cmm/m/it' in size <> not available
(Font)              size <5> substituted on input line 129.


LaTeX Font Warning: Font shape `OML/cmm/m/it' in size <0.7> not available
(Font)              size <5> substituted on input line 129.


LaTeX Font Warning: Font shape `OML/cmm/m/it' in size <0.5> not available
(Font)              size <5> substituted on input line 129.


LaTeX Font Warning: Font shape `OMS/cmsy/m/n' in size <> not available
(Font)              size <5> substituted on input line 129.


LaTeX Font Warning: Font shape `OMS/cmsy/m/n' in size <0.7> not available
(Font)              size <5> substituted on input line 129.


LaTeX Font Warning: Font shape `OMS/cmsy/m/n' in size <0.5> not available
(Font)              size <5> substituted on input line 129.


LaTeX Font Warning: Font shape `OT1/cmr/bx/n' in size <> not available
(Font)              size <5> substituted on input line 129.


LaTeX Font Warning: Font shape `OT1/cmr/bx/n' in size <0.7> not available
(Font)              size <5> substituted on input line 129.


LaTeX Font Warning: Font shape `OT1/cmr/bx/n' in size <0.5> not available
(Font)              size <5> substituted on input line 129.


LaTeX Font Warning: Command \scriptsize invalid in math mode on input line 138.


[4] [5]
Overfull \hbox (0.25706pt too wide) in paragraph at lines 188--189
[]\OT1/cmr/m/n/12 Based on On-sager re-cip-ro-cal re-la-tion, which as-sumes mi
-croscale re-versibil-
 []

[6] [7]
Overfull \hbox (19.23463pt too wide) in paragraph at lines 266--268
[]\OT1/cmr/m/n/12 with the ini-tial con-di-tion $\U/msb/m/n/12 B[]\OT1/cmr/m/n/
12 (\OT1/cmr/bx/n/12 X\OML/cmm/m/it/12 ; \OT1/cmr/m/n/12 0) = \U/msb/m/n/12 B\O
T1/cmr/m/n/12 (\OT1/cmr/bx/n/12 X\OML/cmm/m/it/12 ; \OT1/cmr/m/n/12 0)$. We can
 now non-dimensionalise
 []

[8] [9] [10]
<images/trial3.png, id=100, 579.16376pt x 559.08875pt>
File: images/trial3.png Graphic file (type png)
<use images/trial3.png>
Package pdftex.def Info: images/trial3.png  used on input line 357.
(pdftex.def)             Requested size: 214.28723pt x 206.85959pt.

Overfull \hbox (11.56981pt too wide) in paragraph at lines 356--358
[]  [] 
 []

<images/trial2.png, id=101, 652.4375pt x 559.08875pt>
File: images/trial2.png Graphic file (type png)
<use images/trial2.png>
Package pdftex.def Info: images/trial2.png  used on input line 361.
(pdftex.def)             Requested size: 241.39809pt x 206.85959pt.

Overfull \hbox (50.29594pt too wide) in paragraph at lines 361--362
[][] 
 []

<images/trial4.png, id=102, 716.6775pt x 559.08875pt>
File: images/trial4.png Graphic file (type png)
<use images/trial4.png>
Package pdftex.def Info: images/trial4.png  used on input line 367.
(pdftex.def)             Requested size: 265.16652pt x 206.85959pt.
[11] [12 <./images/trial3.png (PNG copy)> <./images/trial2.png (PNG copy)> <./i
mages/trial4.png (PNG copy)>]
Overfull \hbox (24.74101pt too wide) detected at line 414
[]
 []

[13]
<images/stab1.png, id=113, 652.4375pt x 559.08875pt>
File: images/stab1.png Graphic file (type png)
<use images/stab1.png>
Package pdftex.def Info: images/stab1.png  used on input line 434.
(pdftex.def)             Requested size: 260.97037pt x 223.63153pt.

Overfull \hbox (36.86769pt too wide) in paragraph at lines 433--435
[]  [] 
 []

<images/stab2.png, id=114, 749.80125pt x 579.16376pt>
File: images/stab2.png Graphic file (type png)
<use images/stab2.png>
Package pdftex.def Info: images/stab2.png  used on input line 440.
(pdftex.def)             Requested size: 299.91519pt x 231.66139pt.

Overfull \hbox (44.6118pt too wide) in paragraph at lines 439--441
[]  [] 
 []


Overfull \hbox (40.09962pt too wide) in paragraph at lines 432--443
[]$[]$   $[]$ 
 []


LaTeX Warning: `!h' float specifier changed to `!ht'.

<images/stab3.png, id=115, 699.61375pt x 629.35126pt>
File: images/stab3.png Graphic file (type png)
<use images/stab3.png>
Package pdftex.def Info: images/stab3.png  used on input line 452.
(pdftex.def)             Requested size: 251.86075pt x 226.56627pt.

Overfull \hbox (50.52028pt too wide) in paragraph at lines 451--453
[]  [] 
 []

<images/stab4.png, id=116, 699.61375pt x 629.35126pt>
File: images/stab4.png Graphic file (type png)
<use images/stab4.png>
Package pdftex.def Info: images/stab4.png  used on input line 458.
(pdftex.def)             Requested size: 265.85599pt x 239.15596pt.

Overfull \hbox (4.86205pt too wide) in paragraph at lines 457--459
[]  [] 
 []

(images/stab5.pdf_tex
<images/stab5.pdf, id=117, page=1, 524.71031pt x 472.01344pt>
File: images/stab5.pdf Graphic file (type pdf)
<use images/stab5.pdf, page 1>
Package pdftex.def Info: images/stab5.pdf , page1 used on input line 56.
(pdftex.def)             Requested size: 280.80048pt x 252.60751pt.


LaTeX Font Warning: Command \large invalid in math mode on input line 57.


LaTeX Font Warning: Command \large invalid in math mode on input line 58.

)
Overfull \hbox (42.71072pt too wide) in paragraph at lines 449--467
[]  $[]$   $[]$
 []


LaTeX Warning: `!h' float specifier changed to `!ht'.

[14]
Package epstopdf Info: Source file: <images/seriestau1e-5.eps>
(epstopdf)                    date: 2019-09-15 17:39:42
(epstopdf)                    size: 52221 bytes
(epstopdf)             Output file: <images/seriestau1e-5-eps-converted-to.pdf>

(epstopdf)                    date: 2019-09-15 17:39:42
(epstopdf)                    size: 18285 bytes
(epstopdf)             Command: <epstopdf --outfile=images/seriestau1e-5-eps-co
nverted-to.pdf images/seriestau1e-5.eps>
(epstopdf)             \includegraphics on input line 483.
Package epstopdf Info: Output file is already uptodate.


pdfTeX warning: pdflatex.exe (file ./images/seriestau1e-5-eps-converted-to.pdf)
: PDF inclusion: found PDF version <1.7>, but at most version <1.5> allowed
<images/seriestau1e-5-eps-converted-to.pdf, id=121, 566.115pt x 456.70625pt>
File: images/seriestau1e-5-eps-converted-to.pdf Graphic file (type pdf)
<use images/seriestau1e-5-eps-converted-to.pdf>
Package pdftex.def Info: images/seriestau1e-5-eps-converted-to.pdf  used on inp
ut line 483.
(pdftex.def)             Requested size: 96.23827pt x 77.63902pt.

Overfull \hbox (2.63612pt too wide) in paragraph at lines 483--484
[][] 
 []

Package epstopdf Info: Source file: <images/series1tau0_001.eps>
(epstopdf)                    date: 2019-09-15 17:39:42
(epstopdf)                    size: 51976 bytes
(epstopdf)             Output file: <images/series1tau0_001-eps-converted-to.pd
f>
(epstopdf)                    date: 2019-09-15 17:39:42
(epstopdf)                    size: 17996 bytes
(epstopdf)             Command: <epstopdf --outfile=images/series1tau0_001-eps-
converted-to.pdf images/series1tau0_001.eps>
(epstopdf)             \includegraphics on input line 488.
Package epstopdf Info: Output file is already uptodate.


pdfTeX warning: pdflatex.exe (file ./images/series1tau0_001-eps-converted-to.pd
f): PDF inclusion: found PDF version <1.7>, but at most version <1.5> allowed
<images/series1tau0_001-eps-converted-to.pdf, id=122, 566.115pt x 417.56pt>
File: images/series1tau0_001-eps-converted-to.pdf Graphic file (type pdf)
<use images/series1tau0_001-eps-converted-to.pdf>
Package pdftex.def Info: images/series1tau0_001-eps-converted-to.pdf  used on i
nput line 488.
(pdftex.def)             Requested size: 101.8963pt x 75.15755pt.

Overfull \hbox (8.29416pt too wide) in paragraph at lines 488--489
[][] 
 []

Package epstopdf Info: Source file: <images/series1tau1.eps>
(epstopdf)                    date: 2019-09-15 17:39:42
(epstopdf)                    size: 48009 bytes
(epstopdf)             Output file: <images/series1tau1-eps-converted-to.pdf>
(epstopdf)                    date: 2019-09-15 17:39:42
(epstopdf)                    size: 16354 bytes
(epstopdf)             Command: <epstopdf --outfile=images/series1tau1-eps-conv
erted-to.pdf images/series1tau1.eps>
(epstopdf)             \includegraphics on input line 493.
Package epstopdf Info: Output file is already uptodate.


pdfTeX warning: pdflatex.exe (file ./images/series1tau1-eps-converted-to.pdf): 
PDF inclusion: found PDF version <1.7>, but at most version <1.5> allowed
<images/series1tau1-eps-converted-to.pdf, id=123, 572.1375pt x 420.57124pt>
File: images/series1tau1-eps-converted-to.pdf Graphic file (type pdf)
<use images/series1tau1-eps-converted-to.pdf>
Package pdftex.def Info: images/series1tau1-eps-converted-to.pdf  used on input
 line 493.
(pdftex.def)             Requested size: 108.70724pt x 79.90936pt.

Overfull \hbox (15.1051pt too wide) in paragraph at lines 493--494
[][] 
 []

Package epstopdf Info: Source file: <images/series1tau100.eps>
(epstopdf)                    date: 2019-09-15 17:39:42
(epstopdf)                    size: 48178 bytes
(epstopdf)             Output file: <images/series1tau100-eps-converted-to.pdf>

(epstopdf)                    date: 2019-09-15 17:39:42
(epstopdf)                    size: 16391 bytes
(epstopdf)             Command: <epstopdf --outfile=images/series1tau100-eps-co
nverted-to.pdf images/series1tau100.eps>
(epstopdf)             \includegraphics on input line 498.
Package epstopdf Info: Output file is already uptodate.


pdfTeX warning: pdflatex.exe (file ./images/series1tau100-eps-converted-to.pdf)
: PDF inclusion: found PDF version <1.7>, but at most version <1.5> allowed
<images/series1tau100-eps-converted-to.pdf, id=124, 572.1375pt x 420.57124pt>
File: images/series1tau100-eps-converted-to.pdf Graphic file (type pdf)
<use images/series1tau100-eps-converted-to.pdf>
Package pdftex.def Info: images/series1tau100-eps-converted-to.pdf  used on inp
ut line 498.
(pdftex.def)             Requested size: 102.9803pt x 75.69955pt.

Overfull \hbox (9.37816pt too wide) in paragraph at lines 498--499
[][] 
 []

[15 <./images/stab1.png (PNG copy)> <./images/stab2.png (PNG copy)>]

LaTeX Warning: Text page 16 contains only floats.

[16 <./images/stab3.png (PNG copy)> <./images/stab4.png (PNG copy)> <./images/s
tab5.pdf>]
Package epstopdf Info: Source file: <images/phasetau.eps>
(epstopdf)                    date: 2019-09-15 17:39:42
(epstopdf)                    size: 524493 bytes
(epstopdf)             Output file: <images/phasetau-eps-converted-to.pdf>
(epstopdf)                    date: 2019-09-15 17:39:42
(epstopdf)                    size: 166950 bytes
(epstopdf)             Command: <epstopdf --outfile=images/phasetau-eps-convert
ed-to.pdf images/phasetau.eps>
(epstopdf)             \includegraphics on input line 526.
Package epstopdf Info: Output file is already uptodate.


pdfTeX warning: pdflatex.exe (file ./images/phasetau-eps-converted-to.pdf): PDF
 inclusion: found PDF version <1.7>, but at most version <1.5> allowed
<images/phasetau-eps-converted-to.pdf, id=141, 486.81876pt x 372.39125pt>
File: images/phasetau-eps-converted-to.pdf Graphic file (type pdf)
<use images/phasetau-eps-converted-to.pdf>
Package pdftex.def Info: images/phasetau-eps-converted-to.pdf  used on input li
ne 526.
(pdftex.def)             Requested size: 146.04675pt x 111.71823pt.

Underfull \hbox (badness 10000) in paragraph at lines 525--527
[]
 []


Overfull \hbox (21.2439pt too wide) in paragraph at lines 525--527
[] 
 []

Package epstopdf Info: Source file: <images/transient_flux4.eps>
(epstopdf)                    date: 2019-09-15 17:39:42
(epstopdf)                    size: 58640 bytes
(epstopdf)             Output file: <images/transient_flux4-eps-converted-to.pd
f>
(epstopdf)                    date: 2019-09-15 17:39:42
(epstopdf)                    size: 56405 bytes
(epstopdf)             Command: <epstopdf --outfile=images/transient_flux4-eps-
converted-to.pdf images/transient_flux4.eps>
(epstopdf)             \includegraphics on input line 532.
Package epstopdf Info: Output file is already uptodate.


pdfTeX warning: pdflatex.exe (file ./images/transient_flux4-eps-converted-to.pd
f): PDF inclusion: found PDF version <1.7>, but at most version <1.5> allowed
<images/transient_flux4-eps-converted-to.pdf, id=142, 516.93124pt x 389.455pt>
File: images/transient_flux4-eps-converted-to.pdf Graphic file (type pdf)
<use images/transient_flux4-eps-converted-to.pdf>
Package pdftex.def Info: images/transient_flux4-eps-converted-to.pdf  used on i
nput line 532.
(pdftex.def)             Requested size: 144.73976pt x 109.04665pt.

Underfull \hbox (badness 10000) in paragraph at lines 531--533
[]
 []


Overfull \hbox (19.9369pt too wide) in paragraph at lines 531--533
[] 
 []

Package epstopdf Info: Source file: <images/transient_flux.eps>
(epstopdf)                    date: 2019-09-15 17:39:42
(epstopdf)                    size: 63393 bytes
(epstopdf)             Output file: <images/transient_flux-eps-converted-to.pdf
>
(epstopdf)                    date: 2019-09-15 17:39:42
(epstopdf)                    size: 61454 bytes
(epstopdf)             Command: <epstopdf --outfile=images/transient_flux-eps-c
onverted-to.pdf images/transient_flux.eps>
(epstopdf)             \includegraphics on input line 538.
Package epstopdf Info: Output file is already uptodate.


pdfTeX warning: pdflatex.exe (file ./images/transient_flux-eps-converted-to.pdf
): PDF inclusion: found PDF version <1.7>, but at most version <1.5> allowed
<images/transient_flux-eps-converted-to.pdf, id=143, 516.93124pt x 389.455pt>
File: images/transient_flux-eps-converted-to.pdf Graphic file (type pdf)
<use images/transient_flux-eps-converted-to.pdf>
Package pdftex.def Info: images/transient_flux-eps-converted-to.pdf  used on in
put line 538.
(pdftex.def)             Requested size: 144.73976pt x 109.04665pt.

Underfull \hbox (badness 10000) in paragraph at lines 537--539
[]
 []


Overfull \hbox (19.9369pt too wide) in paragraph at lines 537--539
[] 
 []


LaTeX Warning: `h' float specifier changed to `ht'.

[17 <./images/seriestau1e-5-eps-converted-to.pdf> <./images/series1tau0_001-eps
-converted-to.pdf> <./images/series1tau1-eps-converted-to.pdf> <./images/series
1tau100-eps-converted-to.pdf>]
Package epstopdf Info: Source file: <images/transient_flux3.eps>
(epstopdf)                    date: 2019-09-15 17:39:42
(epstopdf)                    size: 52762 bytes
(epstopdf)             Output file: <images/transient_flux3-eps-converted-to.pd
f>
(epstopdf)                    date: 2019-09-15 17:39:42
(epstopdf)                    size: 18308 bytes
(epstopdf)             Command: <epstopdf --outfile=images/transient_flux3-eps-
converted-to.pdf images/transient_flux3.eps>
(epstopdf)             \includegraphics on input line 551.
Package epstopdf Info: Output file is already uptodate.


pdfTeX warning: pdflatex.exe (file ./images/transient_flux3-eps-converted-to.pd
f): PDF inclusion: found PDF version <1.7>, but at most version <1.5> allowed
<images/transient_flux3-eps-converted-to.pdf, id=167, 566.115pt x 417.56pt>
File: images/transient_flux3-eps-converted-to.pdf Graphic file (type pdf)
<use images/transient_flux3-eps-converted-to.pdf>
Package pdftex.def Info: images/transient_flux3-eps-converted-to.pdf  used on i
nput line 551.
(pdftex.def)             Requested size: 181.16049pt x 133.62192pt.

Overfull \hbox (1.20525pt too wide) in paragraph at lines 550--552
[]  [] 
 []

Package epstopdf Info: Source file: <images/transient_flux2.eps>
(epstopdf)                    date: 2019-09-15 17:39:42
(epstopdf)                    size: 48636 bytes
(epstopdf)             Output file: <images/transient_flux2-eps-converted-to.pd
f>
(epstopdf)                    date: 2019-09-15 17:39:42
(epstopdf)                    size: 16437 bytes
(epstopdf)             Command: <epstopdf --outfile=images/transient_flux2-eps-
converted-to.pdf images/transient_flux2.eps>
(epstopdf)             \includegraphics on input line 556.
Package epstopdf Info: Output file is already uptodate.


pdfTeX warning: pdflatex.exe (file ./images/transient_flux2-eps-converted-to.pd
f): PDF inclusion: found PDF version <1.7>, but at most version <1.5> allowed
<images/transient_flux2-eps-converted-to.pdf, id=168, 566.115pt x 417.56pt>
File: images/transient_flux2-eps-converted-to.pdf Graphic file (type pdf)
<use images/transient_flux2-eps-converted-to.pdf>
Package pdftex.def Info: images/transient_flux2-eps-converted-to.pdf  used on i
nput line 556.
(pdftex.def)             Requested size: 181.16049pt x 133.62192pt.

Overfull \hbox (14.26392pt too wide) in paragraph at lines 548--559
[]  $[]$   $[]$ 
 []

[18 <./images/phasetau-eps-converted-to.pdf> <./images/transient_flux4-eps-conv
erted-to.pdf> <./images/transient_flux-eps-converted-to.pdf> <./images/transien
t_flux3-eps-converted-to.pdf> <./images/transient_flux2-eps-converted-to.pdf>]
[19] [20] [21] [22] [23] [24] (images/gel.pdf_tex
<images/gel.pdf, id=218, page=1, 506.8157pt x 186.5873pt>
File: images/gel.pdf Graphic file (type pdf)
<use images/gel.pdf, page 1>
Package pdftex.def Info: images/gel.pdf , page1 used on input line 56.
(pdftex.def)             Requested size: 350.99762pt x 129.22083pt.
<images/gel.pdf, id=219, page=2, 506.8157pt x 186.5873pt>
File: images/gel.pdf Graphic file (type pdf)
<use images/gel.pdf, page 2>
Package pdftex.def Info: images/gel.pdf , page2 used on input line 60.
(pdftex.def)             Requested size: 350.99762pt x 129.22083pt.
) [25 <./images/gel.pdf> <./images/gel.pdf

pdfTeX warning: pdflatex.exe (file ./images/gel.pdf): PDF inclusion: multiple p
dfs with page group included in a single page
>] [26] [27] [28] [29] [30]
Overfull \hbox (4.67726pt too wide) detected at line 957
[][]
 []

[31] [32]

LaTeX Font Warning: Command \scriptsize invalid in math mode on input line 1010
.


LaTeX Font Warning: Command \scriptsize invalid in math mode on input line 1010
.


LaTeX Font Warning: Command \scriptsize invalid in math mode on input line 1010
.


LaTeX Font Warning: Command \scriptsize invalid in math mode on input line 1010
.


LaTeX Font Warning: Command \scriptsize invalid in math mode on input line 1010
.


LaTeX Font Warning: Command \scriptsize invalid in math mode on input line 1010
.

[33] [34] (main.bbl) [35] (main.aux)

LaTeX Font Warning: Size substitutions with differences
(Font)              up to 4.5pt have occurred.

 ) 
Here is how much of TeX's memory you used:
 15553 strings out of 492895
 290089 string characters out of 3133480
 343273 words of memory out of 3000000
 19312 multiletter control sequences out of 15000+200000
 548664 words of font info for 87 fonts, out of 3000000 for 9000
 1141 hyphenation exceptions out of 8191
 42i,23n,63p,1000b,537s stack positions out of 5000i,500n,10000p,200000b,50000s
<C:/Program Files/MiKTeX 2.9/fonts/type1/public/amsfonts/cm/cmbx12.pfb><C:/Pr
ogram Files/MiKTeX 2.9/fonts/type1/public/amsfonts/cm/cmbx6.pfb><C:/Program Fil
es/MiKTeX 2.9/fonts/type1/public/amsfonts/cm/cmbx8.pfb><C:/Program Files/MiKTeX
 2.9/fonts/type1/public/amsfonts/cm/cmex10.pfb><C:/Program Files/MiKTeX 2.9/fon
ts/type1/public/amsfonts/cmextra/cmex8.pfb><C:/Program Files/MiKTeX 2.9/fonts/t
ype1/public/amsfonts/cm/cmmi12.pfb><C:/Program Files/MiKTeX 2.9/fonts/type1/pub
lic/amsfonts/cm/cmmi5.pfb><C:/Program Files/MiKTeX 2.9/fonts/type1/public/amsfo
nts/cm/cmmi6.pfb><C:/Program Files/MiKTeX 2.9/fonts/type1/public/amsfonts/cm/cm
mi8.pfb><C:/Program Files/MiKTeX 2.9/fonts/type1/public/amsfonts/cm/cmmib10.pfb
><C:/Program Files/MiKTeX 2.9/fonts/type1/public/amsfonts/cm/cmr12.pfb><C:/Prog
ram Files/MiKTeX 2.9/fonts/type1/public/amsfonts/cm/cmr17.pfb><C:/Program Files
/MiKTeX 2.9/fonts/type1/public/amsfonts/cm/cmr5.pfb><C:/Program Files/MiKTeX 2.
9/fonts/type1/public/amsfonts/cm/cmr6.pfb><C:/Program Files/MiKTeX 2.9/fonts/ty
pe1/public/amsfonts/cm/cmr8.pfb><C:/Program Files/MiKTeX 2.9/fonts/type1/public
/amsfonts/cm/cmsy10.pfb><C:/Program Files/MiKTeX 2.9/fonts/type1/public/amsfont
s/cm/cmsy5.pfb><C:/Program Files/MiKTeX 2.9/fonts/type1/public/amsfonts/cm/cmsy
6.pfb><C:/Program Files/MiKTeX 2.9/fonts/type1/public/amsfonts/cm/cmsy8.pfb><C:
/Program Files/MiKTeX 2.9/fonts/type1/public/amsfonts/cm/cmti12.pfb><C:/Program
 Files/MiKTeX 2.9/fonts/type1/public/amsfonts/symbols/msbm10.pfb><C:/Program Fi
les/MiKTeX 2.9/fonts/type1/public/amsfonts/symbols/msbm7.pfb>
Output written on main.pdf (35 pages, 1057990 bytes).
PDF statistics:
 325 PDF objects out of 1000 (max. 8388607)
 0 named destinations out of 1000 (max. 500000)
 126 words of extra memory for PDF output out of 10000 (max. 10000000)

